<?xml version="1.0" encoding="UTF-8"?>
<!-- Generated by org.testng.reporters.JUnitReportReporter -->
<testsuite hostname="subhras-MBP.attlocal.net" failures="0" tests="1" name="Academy.ValidateNavigationBar" time="0.242" errors="0" timestamp="2021-01-06T12:46:35 EST" skipped="0">
  <testcase classname="Academy.ValidateNavigationBar" name="validateAppNavBar" time="0.242"/>
  <system-out/>
</testsuite> <!-- Academy.ValidateNavigationBar -->
