<?xml version="1.0" encoding="UTF-8"?>
<!-- Generated by org.testng.reporters.JUnitReportReporter -->
<testsuite hostname="subhras-MBP.attlocal.net" failures="0" tests="1" name="Academy.AppTest" time="0.005" errors="0" timestamp="2021-01-04T17:34:04 EST" skipped="0">
  <testcase classname="Academy.AppTest" name="shouldAnswerWithTrue" time="0.005"/>
  <system-out/>
</testsuite> <!-- Academy.AppTest -->
